<?xml version="1.0" encoding="UTF-8"?>
<!-- Generated by org.testng.reporters.JUnitXMLReporter -->
<testsuite ignored="0" hostname="Prashant_Laptop" failures="0" tests="4" name="Default test" time="12.53" errors="0" timestamp="2024-11-12T17:59:22 IST">
  <testcase classname="page.object.model.WithotPageFactory.TestCases" name="executeTestLogin" time="0.619"/>
  <testcase classname="page.object.model.WithotPageFactory.TestCases" name="executeTestAddToCart" time="0.34"/>
  <testcase classname="page.object.model.WithotPageFactory.TestCases" name="executeTestCheckOut" time="0.848"/>
  <testcase classname="page.object.model.WithotPageFactory.TestCases" name="close" time="0.331"/>
</testsuite> <!-- Default test -->
